#
# A fatal error has been detected by the Java Runtime Environment:
#
#  EXCEPTION_ACCESS_VIOLATION (0xc0000005) at pc=0x000000006bcdc4ed, pid=11224, tid=0x00000000000009d4
#
# JRE version: OpenJDK Runtime Environment (8.0_152-b01) (build 1.8.0_152-release-915-b01)
# Java VM: OpenJDK 64-Bit Server VM (25.152-b01 mixed mode windows-amd64 compressed oops)
# Problematic frame:
# V  [jvm.dll+0x9c4ed]
#
# Failed to write core dump. Minidumps are not enabled by default on client versions of Windows
#
# If you would like to submit a bug report, please visit:
#   http://bugreport.java.com/bugreport/crash.jsp
#

---------------  T H R E A D  ---------------

Current thread (0x000000001be6d800):  JavaThread "Daemon worker Thread 5" [_thread_in_vm, id=2516, stack(0x000000003cb60000,0x000000003cc60000)]

siginfo: ExceptionCode=0xc0000005, reading address 0x0000003800000054

Registers:
RAX=0x0000003800000030, RBX=0x0000000005146900, RCX=0x000000000000000d, RDX=0x000000000000000e
RSP=0x000000003cc5bf70, RBP=0x000000001be6d800, RSI=0x000000001be6d800, RDI=0x000000010001b1e8
R8 =0x000000000000000e, R9 =0x000000001fe2aeb0, R10=0x000000001869cfe8, R11=0x00000000000000aa
R12=0x00000000242dd520, R13=0x000000003cc5c050, R14=0x0000000021b786e0, R15=0x00000000000003d8
RIP=0x000000006bcdc4ed, EFLAGS=0x0000000000010202

Top of Stack: (sp=0x000000003cc5bf70)
0x000000003cc5bf70:   000000001ad300e0 0000000021b786e0
0x000000003cc5bf80:   0000000021b78ac8 00000000000003d8
0x000000003cc5bf90:   0000000021b786f0 000000010001de88
0x000000003cc5bfa0:   00000dbae6a15611 000000001be6d800
0x000000003cc5bfb0:   0000000021b786f0 00000000051498d0
0x000000003cc5bfc0:   0000000021b78ac8 0000000000000000
0x000000003cc5bfd0:   000000003cc5c9e0 000000001fe2aeb0
0x000000003cc5bfe0:   00000000051498d0 000000001ad300e0
0x000000003cc5bff0:   000000003cc5c0f0 000000006bcddb07
0x000000003cc5c000:   000000001869cfe8 000000001be6d800
0x000000003cc5c010:   00000001000ac920 000000001be6d800
0x000000003cc5c020:   000000010002ce40 0000000000000001
0x000000003cc5c030:   000000001be6d800 000000001be6d800
0x000000003cc5c040:   000000001869cfe8 000000001be6d800
0x000000003cc5c050:   000000001869cfe8 000000001be6d800
0x000000003cc5c060:   000000010002ce40 00000001000ac920 

Instructions: (pc=0x000000006bcdc4ed)
0x000000006bcdc4cd:   44 24 18 4d 8b 74 24 10 4d 8b 7c 24 28 48 89 44
0x000000006bcdc4dd:   24 40 49 8b 44 24 20 48 89 44 24 50 48 8b 47 08
0x000000006bcdc4ed:   0f b7 48 24 48 8b 40 08 4c 8b 44 c8 50 48 8b 47
0x000000006bcdc4fd:   08 48 8b 8c 24 a0 00 00 00 0f b7 50 22 48 8b 40 


Register to memory mapping:

RAX=0x0000003800000030 is an unknown value
RBX=0x0000000005146900 is an unknown value
RCX=0x000000000000000d is an unknown value
RDX=0x000000000000000e is an unknown value
RSP=0x000000003cc5bf70 is pointing into the stack for thread: 0x000000001be6d800
RBP=0x000000001be6d800 is a thread
RSI=0x000000001be6d800 is a thread
RDI=0x000000010001b1e8 is pointing into metadata
R8 =0x000000000000000e is an unknown value
R9 =0x000000001fe2aeb0 is an unknown value
R10={method} {0x000000001869cff0} 'tryRelease' '(I)Z' in 'java/util/concurrent/locks/AbstractQueuedSynchronizer'
R11=0x00000000000000aa is an unknown value
R12=0x00000000242dd520 is an unknown value
R13=0x000000003cc5c050 is pointing into the stack for thread: 0x000000001be6d800
R14=0x0000000021b786e0 is an unknown value
R15=0x00000000000003d8 is an unknown value


Stack: [0x000000003cb60000,0x000000003cc60000],  sp=0x000000003cc5bf70,  free space=1007k
Native frames: (J=compiled Java code, j=interpreted, Vv=VM code, C=native code)
V  [jvm.dll+0x9c4ed]
V  [jvm.dll+0x9db07]
V  [jvm.dll+0x9e47a]
V  [jvm.dll+0x9eacd]
V  [jvm.dll+0x20684e]
V  [jvm.dll+0x20952d]
V  [jvm.dll+0x209d0f]
C  0x0000000005245d1e

Java frames: (J=compiled Java code, j=interpreted, Vv=VM code)
v  ~RuntimeStub::ic_miss_stub
J 3565 C2 java.util.concurrent.locks.AbstractQueuedSynchronizer.release(I)Z (33 bytes) @ 0x0000000005387060 [0x0000000005387020+0x40]
J 22783 C1 org.gradle.internal.event.DefaultListenerManager$EventBroadcast.maybeRemove(Lorg/gradle/internal/event/DefaultListenerManager$ListenerDetails;)V (87 bytes) @ 0x0000000006031474 [0x0000000006030f60+0x514]
j  org.gradle.internal.event.DefaultListenerManager$ListenerDetails.remove()V+47
j  org.gradle.internal.event.DefaultListenerManager.removeListener(Ljava/lang/Object;)V+46
j  org.gradle.internal.progress.DefaultBuildOperationListenerManager.removeListener(Lorg/gradle/internal/progress/BuildOperationListener;)V+5
j  org.gradle.tooling.internal.provider.SubscribableBuildActionRunner.run(Lorg/gradle/internal/invocation/BuildAction;Lorg/gradle/internal/invocation/BuildController;)V+136
j  org.gradle.launcher.exec.InProcessBuildActionExecuter.execute(Lorg/gradle/internal/invocation/BuildAction;Lorg/gradle/initialization/BuildRequestContext;Lorg/gradle/launcher/exec/BuildActionParameters;Lorg/gradle/internal/service/ServiceRegistry;)Ljava/lang/Object;+71
j  org.gradle.launcher.exec.InProcessBuildActionExecuter.execute(Lorg/gradle/internal/invocation/BuildAction;Lorg/gradle/initialization/BuildRequestContext;Ljava/lang/Object;Lorg/gradle/internal/service/ServiceRegistry;)Ljava/lang/Object;+9
j  org.gradle.launcher.exec.BuildTreeScopeBuildActionExecuter.execute(Lorg/gradle/internal/invocation/BuildAction;Lorg/gradle/initialization/BuildRequestContext;Lorg/gradle/launcher/exec/BuildActionParameters;Lorg/gradle/internal/service/ServiceRegistry;)Ljava/lang/Object;+41
j  org.gradle.launcher.exec.BuildTreeScopeBuildActionExecuter.execute(Lorg/gradle/internal/invocation/BuildAction;Lorg/gradle/initialization/BuildRequestContext;Ljava/lang/Object;Lorg/gradle/internal/service/ServiceRegistry;)Ljava/lang/Object;+9
j  org.gradle.tooling.internal.provider.ContinuousBuildActionExecuter.execute(Lorg/gradle/internal/invocation/BuildAction;Lorg/gradle/initialization/BuildRequestContext;Lorg/gradle/launcher/exec/BuildActionParameters;Lorg/gradle/internal/service/ServiceRegistry;)Ljava/lang/Object;+28
j  org.gradle.tooling.internal.provider.ContinuousBuildActionExecuter.execute(Lorg/gradle/internal/invocation/BuildAction;Lorg/gradle/initialization/BuildRequestContext;Ljava/lang/Object;Lorg/gradle/internal/service/ServiceRegistry;)Ljava/lang/Object;+9
j  org.gradle.tooling.internal.provider.ServicesSetupBuildActionExecuter.execute(Lorg/gradle/internal/invocation/BuildAction;Lorg/gradle/initialization/BuildRequestContext;Lorg/gradle/launcher/exec/BuildActionParameters;Lorg/gradle/internal/service/ServiceRegistry;)Ljava/lang/Object;+85
j  org.gradle.tooling.internal.provider.ServicesSetupBuildActionExecuter.execute(Lorg/gradle/internal/invocation/BuildAction;Lorg/gradle/initialization/BuildRequestContext;Ljava/lang/Object;Lorg/gradle/internal/service/ServiceRegistry;)Ljava/lang/Object;+9
j  org.gradle.tooling.internal.provider.GradleThreadBuildActionExecuter.execute(Lorg/gradle/internal/invocation/BuildAction;Lorg/gradle/initialization/BuildRequestContext;Lorg/gradle/launcher/exec/BuildActionParameters;Lorg/gradle/internal/service/ServiceRegistry;)Ljava/lang/Object;+12
j  org.gradle.tooling.internal.provider.GradleThreadBuildActionExecuter.execute(Lorg/gradle/internal/invocation/BuildAction;Lorg/gradle/initialization/BuildRequestContext;Ljava/lang/Object;Lorg/gradle/internal/service/ServiceRegistry;)Ljava/lang/Object;+9
j  org.gradle.tooling.internal.provider.ParallelismConfigurationBuildActionExecuter.execute(Lorg/gradle/internal/invocation/BuildAction;Lorg/gradle/initialization/BuildRequestContext;Lorg/gradle/launcher/exec/BuildActionParameters;Lorg/gradle/internal/service/ServiceRegistry;)Ljava/lang/Object;+43
j  org.gradle.tooling.internal.provider.ParallelismConfigurationBuildActionExecuter.execute(Lorg/gradle/internal/invocation/BuildAction;Lorg/gradle/initialization/BuildRequestContext;Ljava/lang/Object;Lorg/gradle/internal/service/ServiceRegistry;)Ljava/lang/Object;+9
j  org.gradle.tooling.internal.provider.StartParamsValidatingActionExecuter.execute(Lorg/gradle/internal/invocation/BuildAction;Lorg/gradle/initialization/BuildRequestContext;Lorg/gradle/launcher/exec/BuildActionParameters;Lorg/gradle/internal/service/ServiceRegistry;)Ljava/lang/Object;+257
j  org.gradle.tooling.internal.provider.StartParamsValidatingActionExecuter.execute(Lorg/gradle/internal/invocation/BuildAction;Lorg/gradle/initialization/BuildRequestContext;Ljava/lang/Object;Lorg/gradle/internal/service/ServiceRegistry;)Ljava/lang/Object;+9
j  org.gradle.tooling.internal.provider.SessionFailureReportingActionExecuter.execute(Lorg/gradle/internal/invocation/BuildAction;Lorg/gradle/initialization/BuildRequestContext;Lorg/gradle/launcher/exec/BuildActionParameters;Lorg/gradle/internal/service/ServiceRegistry;)Ljava/lang/Object;+9
j  org.gradle.tooling.internal.provider.SessionFailureReportingActionExecuter.execute(Lorg/gradle/internal/invocation/BuildAction;Lorg/gradle/initialization/BuildRequestContext;Ljava/lang/Object;Lorg/gradle/internal/service/ServiceRegistry;)Ljava/lang/Object;+9
j  org.gradle.tooling.internal.provider.SetupLoggingActionExecuter.execute(Lorg/gradle/internal/invocation/BuildAction;Lorg/gradle/initialization/BuildRequestContext;Lorg/gradle/launcher/exec/BuildActionParameters;Lorg/gradle/internal/service/ServiceRegistry;)Ljava/lang/Object;+69
j  org.gradle.tooling.internal.provider.SetupLoggingActionExecuter.execute(Lorg/gradle/internal/invocation/BuildAction;Lorg/gradle/initialization/BuildRequestContext;Ljava/lang/Object;Lorg/gradle/internal/service/ServiceRegistry;)Ljava/lang/Object;+9
j  org.gradle.launcher.daemon.server.exec.ExecuteBuild.doBuild(Lorg/gradle/launcher/daemon/server/api/DaemonCommandExecution;Lorg/gradle/launcher/daemon/protocol/Build;)V+114
j  org.gradle.launcher.daemon.server.exec.BuildCommandOnly.execute(Lorg/gradle/launcher/daemon/server/api/DaemonCommandExecution;)V+49
j  org.gradle.launcher.daemon.server.api.DaemonCommandExecution.proceed()Z+28
j  org.gradle.launcher.daemon.server.exec.WatchForDisconnection.execute(Lorg/gradle/launcher/daemon/server/api/DaemonCommandExecution;)V+19
j  org.gradle.launcher.daemon.server.api.DaemonCommandExecution.proceed()Z+28
j  org.gradle.launcher.daemon.server.exec.ResetDeprecationLogger.execute(Lorg/gradle/launcher/daemon/server/api/DaemonCommandExecution;)V+4
j  org.gradle.launcher.daemon.server.api.DaemonCommandExecution.proceed()Z+28
j  org.gradle.launcher.daemon.server.exec.RequestStopIfSingleUsedDaemon.execute(Lorg/gradle/launcher/daemon/server/api/DaemonCommandExecution;)V+33
j  org.gradle.launcher.daemon.server.api.DaemonCommandExecution.proceed()Z+28
j  org.gradle.launcher.daemon.server.exec.ForwardClientInput$2.call()Ljava/lang/Void;+4
j  org.gradle.launcher.daemon.server.exec.ForwardClientInput$2.call()Ljava/lang/Object;+1
j  org.gradle.util.Swapper.swap(Ljava/lang/Object;Ljava/util/concurrent/Callable;)Ljava/lang/Object;+21
j  org.gradle.launcher.daemon.server.exec.ForwardClientInput.execute(Lorg/gradle/launcher/daemon/server/api/DaemonCommandExecution;)V+63
j  org.gradle.launcher.daemon.server.api.DaemonCommandExecution.proceed()Z+28
j  org.gradle.launcher.daemon.server.exec.LogAndCheckHealth.execute(Lorg/gradle/launcher/daemon/server/api/DaemonCommandExecution;)V+28
j  org.gradle.launcher.daemon.server.api.DaemonCommandExecution.proceed()Z+28
j  org.gradle.launcher.daemon.server.exec.LogToClient.doBuild(Lorg/gradle/launcher/daemon/server/api/DaemonCommandExecution;Lorg/gradle/launcher/daemon/protocol/Build;)V+87
j  org.gradle.launcher.daemon.server.exec.BuildCommandOnly.execute(Lorg/gradle/launcher/daemon/server/api/DaemonCommandExecution;)V+49
j  org.gradle.launcher.daemon.server.api.DaemonCommandExecution.proceed()Z+28
j  org.gradle.launcher.daemon.server.exec.EstablishBuildEnvironment.doBuild(Lorg/gradle/launcher/daemon/server/api/DaemonCommandExecution;Lorg/gradle/launcher/daemon/protocol/Build;)V+365
j  org.gradle.launcher.daemon.server.exec.BuildCommandOnly.execute(Lorg/gradle/launcher/daemon/server/api/DaemonCommandExecution;)V+49
j  org.gradle.launcher.daemon.server.api.DaemonCommandExecution.proceed()Z+28
j  org.gradle.launcher.daemon.server.exec.StartBuildOrRespondWithBusy$1.run()V+44
j  org.gradle.launcher.daemon.server.DaemonStateCoordinator$1.run()V+4
J 10516 C1 org.gradle.internal.concurrent.ManagedExecutorImpl$1.run()V (57 bytes) @ 0x0000000006ed3b1c [0x0000000006ed3600+0x51c]
j  java.util.concurrent.ThreadPoolExecutor.runWorker(Ljava/util/concurrent/ThreadPoolExecutor$Worker;)V+95
j  java.util.concurrent.ThreadPoolExecutor$Worker.run()V+5
j  org.gradle.internal.concurrent.ThreadFactoryImpl$ManagedThreadRunnable.run()V+7
j  java.lang.Thread.run()V+11
v  ~StubRoutines::call_stub

---------------  P R O C E S S  ---------------

Java Threads: ( => current thread )
  0x0000000025837800 JavaThread "Cache worker for task history cache (E:\AndroidStudioWorkSpace\PasswordGuard\.gradle\4.1\taskHistory)" [_thread_blocked, id=1152, stack(0x000000003d560000,0x000000003d660000)]
  0x000000002582e800 JavaThread "Cache worker for file content cache (E:\AndroidStudioWorkSpace\PasswordGuard\.gradle\4.1\fileContent)" [_thread_blocked, id=9336, stack(0x000000003d460000,0x000000003d560000)]
  0x0000000025831800 JavaThread "build operations Thread 4" [_thread_blocked, id=13004, stack(0x000000003d360000,0x000000003d460000)]
  0x0000000025830000 JavaThread "build operations Thread 3" [_thread_blocked, id=11536, stack(0x000000003d260000,0x000000003d360000)]
  0x000000002582f000 JavaThread "build operations Thread 2" [_thread_blocked, id=5744, stack(0x000000003d160000,0x000000003d260000)]
  0x0000000025835000 JavaThread "build operations" [_thread_blocked, id=10324, stack(0x000000003d060000,0x000000003d160000)]
  0x0000000025832000 JavaThread "Cache worker for Artifact transforms cache (D:\AndroidStudioCache\.gradle\caches\transforms-1)" [_thread_blocked, id=8876, stack(0x000000003cf60000,0x000000003d060000)]
  0x000000001be6b000 JavaThread "Cache worker for file hash cache (E:\AndroidStudioWorkSpace\PasswordGuard\.gradle\4.1\fileHashes)" [_thread_blocked, id=5456, stack(0x000000003ce60000,0x000000003cf60000)]
  0x000000001be6a800 JavaThread "Stdin handler" [_thread_blocked, id=10100, stack(0x000000003cd60000,0x000000003ce60000)]
  0x000000001be71000 JavaThread "Asynchronous log dispatcher for DefaultDaemonConnection: socket connection from /127.0.0.1:50100 to /127.0.0.1:63815" [_thread_blocked, id=8592, stack(0x000000003cc60000,0x000000003cd60000)]
=>0x000000001be6d800 JavaThread "Daemon worker Thread 5" [_thread_in_vm, id=2516, stack(0x000000003cb60000,0x000000003cc60000)]
  0x000000001be6f000 JavaThread "Cancel handler" [_thread_blocked, id=7996, stack(0x000000003ca60000,0x000000003cb60000)]
  0x000000001be70800 JavaThread "Handler for socket connection from /127.0.0.1:50100 to /127.0.0.1:63815" [_thread_in_native, id=3316, stack(0x000000003c960000,0x000000003ca60000)]
  0x000000001be6c800 JavaThread "Daemon Thread 5" [_thread_blocked, id=1916, stack(0x000000003c860000,0x000000003c960000)]
  0x000000001ff9e800 JavaThread "Memory manager" [_thread_blocked, id=524, stack(0x0000000022f70000,0x0000000023070000)]
  0x000000001ec3c000 JavaThread "pool-1-thread-1" [_thread_blocked, id=10176, stack(0x0000000022c70000,0x0000000022d70000)]
  0x000000001b7bc800 JavaThread "File lock request listener" [_thread_in_native, id=6888, stack(0x000000001e210000,0x000000001e310000)]
  0x000000001b7bc000 JavaThread "Cache worker for file hash cache (D:\AndroidStudioCache\.gradle\caches\4.1\fileHashes)" [_thread_blocked, id=10808, stack(0x000000001df10000,0x000000001e010000)]
  0x000000001b7e4000 JavaThread "Daemon periodic checks" [_thread_blocked, id=11392, stack(0x000000001d610000,0x000000001d710000)]
  0x000000001b537800 JavaThread "Incoming local TCP Connector on port 50100" [_thread_in_native, id=9052, stack(0x000000001d470000,0x000000001d570000)]
  0x000000001a04c000 JavaThread "Service Thread" daemon [_thread_blocked, id=10332, stack(0x000000001a8d0000,0x000000001a9d0000)]
  0x0000000019ff4800 JavaThread "C1 CompilerThread2" daemon [_thread_blocked, id=8384, stack(0x000000001a7d0000,0x000000001a8d0000)]
  0x0000000018bcb800 JavaThread "C2 CompilerThread1" daemon [_thread_blocked, id=10836, stack(0x000000001a6d0000,0x000000001a7d0000)]
  0x0000000018bc9000 JavaThread "C2 CompilerThread0" daemon [_thread_blocked, id=8688, stack(0x000000001a5d0000,0x000000001a6d0000)]
  0x0000000018b7e000 JavaThread "Attach Listener" daemon [_thread_blocked, id=11232, stack(0x000000001a4d0000,0x000000001a5d0000)]
  0x0000000019fd8800 JavaThread "Signal Dispatcher" daemon [_thread_blocked, id=11256, stack(0x000000001a3d0000,0x000000001a4d0000)]
  0x00000000051fc000 JavaThread "Finalizer" daemon [_thread_blocked, id=10696, stack(0x0000000019dd0000,0x0000000019ed0000)]
  0x00000000051f3000 JavaThread "Reference Handler" daemon [_thread_blocked, id=9780, stack(0x0000000019cd0000,0x0000000019dd0000)]
  0x0000000004d2d800 JavaThread "main" [_thread_blocked, id=9772, stack(0x0000000004c00000,0x0000000004d00000)]

Other Threads:
  0x0000000018b36000 VMThread [stack: 0x0000000019bd0000,0x0000000019cd0000] [id=5132]
  0x000000001a04d800 WatcherThread [stack: 0x000000001a9d0000,0x000000001aad0000] [id=9344]

VM state:not at safepoint (normal execution)

VM Mutex/Monitor currently owned by a thread: None

Heap:
 PSYoungGen      total 401408K, used 296969K [0x00000000e0000000, 0x0000000100000000, 0x0000000100000000)
  eden space 292864K, 77% used [0x00000000e0000000,0x00000000ede62e88,0x00000000f1e00000)
  from space 108544K, 63% used [0x00000000f9600000,0x00000000fd99f690,0x0000000100000000)
  to   space 115712K, 0% used [0x00000000f1e00000,0x00000000f1e00000,0x00000000f8f00000)
 ParOldGen       total 810496K, used 321249K [0x00000000a0000000, 0x00000000d1780000, 0x00000000e0000000)
  object space 810496K, 39% used [0x00000000a0000000,0x00000000b39b8418,0x00000000d1780000)
 Metaspace       used 107687K, capacity 111988K, committed 127448K, reserved 1161216K
  class space    used 12702K, capacity 13703K, committed 16128K, reserved 1048576K

Card table byte_map: [0x00000000145c0000,0x00000000148d0000] byte_map_base: 0x00000000140c0000

Marking Bits: (ParMarkBitMap*) 0x000000006c403950
 Begin Bits: [0x0000000014ed0000, 0x00000000166d0000)
 End Bits:   [0x00000000166d0000, 0x0000000017ed0000)

Polling page: 0x0000000002f20000

CodeCache: size=245760Kb used=84549Kb max_used=95134Kb free=161210Kb
 bounds [0x0000000005200000, 0x000000000af90000, 0x0000000014200000]
 total_blobs=23567 nmethods=22655 adapters=823
 compilation: enabled

Compilation events (10 events):
Event: 3309.945 Thread 0x0000000018bc9000 34706       4       sun.misc.ProxyGenerator$ConstantPool$IndirectEntry::write (61 bytes)
Event: 3309.947 Thread 0x0000000019ff4800 34707       1       java.lang.StackTraceElement::getFileName (5 bytes)
Event: 3309.947 Thread 0x0000000019ff4800 nmethod 34707 0x0000000006e01110 code [0x0000000006e01260, 0x0000000006e01370]
Event: 3309.947 Thread 0x0000000019ff4800 34708       1       java.lang.StackTraceElement::getLineNumber (5 bytes)
Event: 3309.947 Thread 0x0000000019ff4800 nmethod 34708 0x00000000072f2ed0 code [0x00000000072f3020, 0x00000000072f3130]
Event: 3309.947 Thread 0x0000000018bc9000 nmethod 34706 0x000000000536d150 code [0x000000000536d2a0, 0x000000000536d3d8]
Event: 3309.949 Thread 0x0000000019ff4800 34709       1       java.lang.StackTraceElement::getClassName (5 bytes)
Event: 3309.949 Thread 0x0000000019ff4800 nmethod 34709 0x0000000007a54a10 code [0x0000000007a54b60, 0x0000000007a54c70]
Event: 3309.955 Thread 0x0000000019ff4800 34710   !   3       com.android.builder.profile.ThreadRecorder::record (63 bytes)
Event: 3309.955 Thread 0x0000000019ff4800 nmethod 34710 0x0000000007dc8ed0 code [0x0000000007dc90a0, 0x0000000007dc95f8]

GC Heap History (10 events):
Event: 3297.585 GC heap before
{Heap before GC invocations=61 (full 6):
 PSYoungGen      total 423936K, used 328832K [0x00000000e0000000, 0x00000000ffa80000, 0x0000000100000000)
  eden space 328704K, 100% used [0x00000000e0000000,0x00000000f4100000,0x00000000f4100000)
  from space 95232K, 0% used [0x00000000f9d80000,0x00000000f9da0000,0x00000000ffa80000)
  to   space 94720K, 0% used [0x00000000f4100000,0x00000000f4100000,0x00000000f9d80000)
 ParOldGen       total 1048576K, used 886696K [0x00000000a0000000, 0x00000000e0000000, 0x00000000e0000000)
  object space 1048576K, 84% used [0x00000000a0000000,0x00000000d61ea038,0x00000000e0000000)
 Metaspace       used 121278K, capacity 126232K, committed 126936K, reserved 1161216K
  class space    used 14409K, capacity 15461K, committed 15616K, reserved 1048576K
Event: 3297.610 GC heap after
Heap after GC invocations=61 (full 6):
 PSYoungGen      total 423424K, used 14869K [0x00000000e0000000, 0x00000000ff480000, 0x0000000100000000)
  eden space 328704K, 0% used [0x00000000e0000000,0x00000000e0000000,0x00000000f4100000)
  from space 94720K, 15% used [0x00000000f4100000,0x00000000f4f855d8,0x00000000f9d80000)
  to   space 89088K, 0% used [0x00000000f9d80000,0x00000000f9d80000,0x00000000ff480000)
 ParOldGen       total 1048576K, used 886728K [0x00000000a0000000, 0x00000000e0000000, 0x00000000e0000000)
  object space 1048576K, 84% used [0x00000000a0000000,0x00000000d61f2038,0x00000000e0000000)
 Metaspace       used 121278K, capacity 126232K, committed 126936K, reserved 1161216K
  class space    used 14409K, capacity 15461K, committed 15616K, reserved 1048576K
}
Event: 3301.882 GC heap before
{Heap before GC invocations=62 (full 6):
 PSYoungGen      total 423424K, used 343573K [0x00000000e0000000, 0x00000000ff480000, 0x0000000100000000)
  eden space 328704K, 100% used [0x00000000e0000000,0x00000000f4100000,0x00000000f4100000)
  from space 94720K, 15% used [0x00000000f4100000,0x00000000f4f855d8,0x00000000f9d80000)
  to   space 89088K, 0% used [0x00000000f9d80000,0x00000000f9d80000,0x00000000ff480000)
 ParOldGen       total 1048576K, used 886728K [0x00000000a0000000, 0x00000000e0000000, 0x00000000e0000000)
  object space 1048576K, 84% used [0x00000000a0000000,0x00000000d61f2038,0x00000000e0000000)
 Metaspace       used 125146K, capacity 130178K, committed 130776K, reserved 1163264K
  class space    used 14814K, capacity 15908K, committed 16128K, reserved 1048576K
Event: 3301.983 GC heap after
Heap after GC invocations=62 (full 6):
 PSYoungGen      total 388096K, used 89062K [0x00000000e0000000, 0x0000000100000000, 0x0000000100000000)
  eden space 299008K, 0% used [0x00000000e0000000,0x00000000e0000000,0x00000000f2400000)
  from space 89088K, 99% used [0x00000000f9d80000,0x00000000ff479970,0x00000000ff480000)
  to   space 112640K, 0% used [0x00000000f2400000,0x00000000f2400000,0x00000000f9200000)
 ParOldGen       total 1048576K, used 902328K [0x00000000a0000000, 0x00000000e0000000, 0x00000000e0000000)
  object space 1048576K, 86% used [0x00000000a0000000,0x00000000d712e380,0x00000000e0000000)
 Metaspace       used 125146K, capacity 130178K, committed 130776K, reserved 1163264K
  class space    used 14814K, capacity 15908K, committed 16128K, reserved 1048576K
}
Event: 3302.765 GC heap before
{Heap before GC invocations=63 (full 6):
 PSYoungGen      total 388096K, used 388070K [0x00000000e0000000, 0x0000000100000000, 0x0000000100000000)
  eden space 299008K, 100% used [0x00000000e0000000,0x00000000f2400000,0x00000000f2400000)
  from space 89088K, 99% used [0x00000000f9d80000,0x00000000ff479970,0x00000000ff480000)
  to   space 112640K, 0% used [0x00000000f2400000,0x00000000f2400000,0x00000000f9200000)
 ParOldGen       total 1048576K, used 902328K [0x00000000a0000000, 0x00000000e0000000, 0x00000000e0000000)
  object space 1048576K, 86% used [0x00000000a0000000,0x00000000d712e380,0x00000000e0000000)
 Metaspace       used 125963K, capacity 131006K, committed 131544K, reserved 1165312K
  class space    used 14940K, capacity 16008K, committed 16128K, reserved 1048576K
Event: 3302.834 GC heap after
Heap after GC invocations=63 (full 6):
 PSYoungGen      total 411648K, used 6880K [0x00000000e0000000, 0x0000000100000000, 0x0000000100000000)
  eden space 299008K, 0% used [0x00000000e0000000,0x00000000e0000000,0x00000000f2400000)
  from space 112640K, 6% used [0x00000000f2400000,0x00000000f2ab8000,0x00000000f9200000)
  to   space 108544K, 0% used [0x00000000f9600000,0x00000000f9600000,0x0000000100000000)
 ParOldGen       total 1048576K, used 989680K [0x00000000a0000000, 0x00000000e0000000, 0x00000000e0000000)
  object space 1048576K, 94% used [0x00000000a0000000,0x00000000dc67c338,0x00000000e0000000)
 Metaspace       used 125963K, capacity 131006K, committed 131544K, reserved 1165312K
  class space    used 14940K, capacity 16008K, committed 16128K, reserved 1048576K
}
Event: 3302.834 GC heap before
{Heap before GC invocations=64 (full 7):
 PSYoungGen      total 411648K, used 6880K [0x00000000e0000000, 0x0000000100000000, 0x0000000100000000)
  eden space 299008K, 0% used [0x00000000e0000000,0x00000000e0000000,0x00000000f2400000)
  from space 112640K, 6% used [0x00000000f2400000,0x00000000f2ab8000,0x00000000f9200000)
  to   space 108544K, 0% used [0x00000000f9600000,0x00000000f9600000,0x0000000100000000)
 ParOldGen       total 1048576K, used 989680K [0x00000000a0000000, 0x00000000e0000000, 0x00000000e0000000)
  object space 1048576K, 94% used [0x00000000a0000000,0x00000000dc67c338,0x00000000e0000000)
 Metaspace       used 125963K, capacity 131006K, committed 131544K, reserved 1165312K
  class space    used 14940K, capacity 16008K, committed 16128K, reserved 1048576K
Event: 3304.204 GC heap after
Heap after GC invocations=64 (full 7):
 PSYoungGen      total 411648K, used 0K [0x00000000e0000000, 0x0000000100000000, 0x0000000100000000)
  eden space 299008K, 0% used [0x00000000e0000000,0x00000000e0000000,0x00000000f2400000)
  from space 112640K, 0% used [0x00000000f2400000,0x00000000f2400000,0x00000000f9200000)
  to   space 108544K, 0% used [0x00000000f9600000,0x00000000f9600000,0x0000000100000000)
 ParOldGen       total 810496K, used 321249K [0x00000000a0000000, 0x00000000d1780000, 0x00000000e0000000)
  object space 810496K, 39% used [0x00000000a0000000,0x00000000b39b8418,0x00000000d1780000)
 Metaspace       used 107478K, capacity 111784K, committed 127448K, reserved 1161216K
  class space    used 12664K, capacity 13637K, committed 16128K, reserved 1048576K
}
Event: 3305.963 GC heap before
{Heap before GC invocations=65 (full 7):
 PSYoungGen      total 411648K, used 299008K [0x00000000e0000000, 0x0000000100000000, 0x0000000100000000)
  eden space 299008K, 100% used [0x00000000e0000000,0x00000000f2400000,0x00000000f2400000)
  from space 112640K, 0% used [0x00000000f2400000,0x00000000f2400000,0x00000000f9200000)
  to   space 108544K, 0% used [0x00000000f9600000,0x00000000f9600000,0x0000000100000000)
 ParOldGen       total 810496K, used 321249K [0x00000000a0000000, 0x00000000d1780000, 0x00000000e0000000)
  object space 810496K, 39% used [0x00000000a0000000,0x00000000b39b8418,0x00000000d1780000)
 Metaspace       used 107632K, capacity 111892K, committed 127448K, reserved 1161216K
  class space    used 12695K, capacity 13671K, committed 16128K, reserved 1048576K
Event: 3306.023 GC heap after
Heap after GC invocations=65 (full 7):
 PSYoungGen      total 401408K, used 69245K [0x00000000e0000000, 0x0000000100000000, 0x0000000100000000)
  eden space 292864K, 0% used [0x00000000e0000000,0x00000000e0000000,0x00000000f1e00000)
  from space 108544K, 63% used [0x00000000f9600000,0x00000000fd99f690,0x0000000100000000)
  to   space 115712K, 0% used [0x00000000f1e00000,0x00000000f1e00000,0x00000000f8f00000)
 ParOldGen       total 810496K, used 321249K [0x00000000a0000000, 0x00000000d1780000, 0x00000000e0000000)
  object space 810496K, 39% used [0x00000000a0000000,0x00000000b39b8418,0x00000000d1780000)
 Metaspace       used 107632K, capacity 111892K, committed 127448K, reserved 1161216K
  class space    used 12695K, capacity 13671K, committed 16128K, reserved 1048576K
}

Deoptimization events (10 events):
Event: 3309.751 Thread 0x000000002582f000 Uncommon trap: reason=bimorphic action=maybe_recompile pc=0x0000000006cd26a4 method=java.util.concurrent.locks.ReentrantLock.lock()V @ 4
Event: 3309.752 Thread 0x000000002582f000 Uncommon trap: reason=unloaded action=reinterpret pc=0x00000000068d6068 method=org.gradle.internal.event.AbstractBroadcastDispatch.dispatch(Lorg/gradle/internal/dispatch/MethodInvocation;Ljava/util/Iterator;)V @ 118
Event: 3309.752 Thread 0x000000002582f000 Uncommon trap: reason=unloaded action=reinterpret pc=0x0000000006ce8968 method=org.gradle.internal.event.AbstractBroadcastDispatch.dispatch(Lorg/gradle/internal/dispatch/MethodInvocation;Ljava/util/Iterator;)V @ 118
Event: 3309.752 Thread 0x0000000025831800 Uncommon trap: reason=bimorphic action=maybe_recompile pc=0x0000000006cd26a4 method=java.util.concurrent.locks.ReentrantLock.lock()V @ 4
Event: 3309.752 Thread 0x0000000025831800 Uncommon trap: reason=unloaded action=reinterpret pc=0x0000000006ce8968 method=org.gradle.internal.event.AbstractBroadcastDispatch.dispatch(Lorg/gradle/internal/dispatch/MethodInvocation;Ljava/util/Iterator;)V @ 118
Event: 3309.752 Thread 0x0000000025835000 Uncommon trap: reason=bimorphic action=maybe_recompile pc=0x0000000006cd26a4 method=java.util.concurrent.locks.ReentrantLock.lock()V @ 4
Event: 3309.752 Thread 0x0000000025835000 Uncommon trap: reason=unloaded action=reinterpret pc=0x0000000006ce8968 method=org.gradle.internal.event.AbstractBroadcastDispatch.dispatch(Lorg/gradle/internal/dispatch/MethodInvocation;Ljava/util/Iterator;)V @ 118
Event: 3309.752 Thread 0x0000000025830000 Uncommon trap: reason=bimorphic action=maybe_recompile pc=0x0000000006ea9e40 method=java.util.concurrent.locks.ReentrantLock.lock()V @ 4
Event: 3309.767 Thread 0x0000000025834800 Uncommon trap: reason=uninitialized action=reinterpret pc=0x0000000009a57ed4 method=org.gradle.internal.reflect.JavaMethod.invoke(Ljava/lang/Object;[Ljava/lang/Object;)Ljava/lang/Object; @ 21
Event: 3309.951 Thread 0x000000001be6d800 Uncommon trap: reason=bimorphic action=maybe_recompile pc=0x0000000006eaa91c method=org.gradle.internal.logging.text.AbstractStyledTextOutput.text(Ljava/lang/Object;)Lorg/gradle/internal/logging/text/StyledTextOutput; @ 11

Classes redefined (0 events):
No events

Internal exceptions (10 events):
Event: 3309.764 Thread 0x0000000025830000 Exception <a 'java/lang/AbstractMethodError': java.util.concurrent.locks.ReentrantLock$Sync.lock()V> (0x00000000ed43f150) thrown at [D:\src\AOSP-openjdk-cygwin\jdk8u\hotspot\src\share\vm\interpreter\linkResolver.cpp, line 1223]
Event: 3309.765 Thread 0x000000002582f000 Exception <a 'java/lang/AbstractMethodError': java.util.concurrent.locks.ReentrantLock$Sync.lock()V> (0x00000000ed53fbd0) thrown at [D:\src\AOSP-openjdk-cygwin\jdk8u\hotspot\src\share\vm\interpreter\linkResolver.cpp, line 1223]
Event: 3309.765 Thread 0x0000000025831800 Exception <a 'java/lang/AbstractMethodError': java.util.concurrent.locks.ReentrantLock$Sync.lock()V> (0x00000000ed9c9548) thrown at [D:\src\AOSP-openjdk-cygwin\jdk8u\hotspot\src\share\vm\interpreter\linkResolver.cpp, line 1223]
Event: 3309.765 Thread 0x0000000025835000 Exception <a 'java/lang/AbstractMethodError': java.util.concurrent.locks.ReentrantLock$Sync.lock()V> (0x00000000ed4ec060) thrown at [D:\src\AOSP-openjdk-cygwin\jdk8u\hotspot\src\share\vm\interpreter\linkResolver.cpp, line 1223]
Event: 3309.767 Thread 0x0000000025834800 Exception <a 'java/lang/AbstractMethodError': java.util.concurrent.locks.ReentrantLock$Sync.lock()V> (0x00000000ed97dea8) thrown at [D:\src\AOSP-openjdk-cygwin\jdk8u\hotspot\src\share\vm\interpreter\linkResolver.cpp, line 1223]
Event: 3309.767 Thread 0x0000000025834800 Exception <a 'java/lang/reflect/InvocationTargetException'> (0x00000000ed980278) thrown at [D:\src\AOSP-openjdk-cygwin\jdk8u\hotspot\src\share\vm\runtime\reflection.cpp, line 1092]
Event: 3309.767 Thread 0x0000000025834800 Exception <a 'java/lang/AbstractMethodError': java.util.concurrent.locks.ReentrantLock$Sync.lock()V> (0x00000000ed980910) thrown at [D:\src\AOSP-openjdk-cygwin\jdk8u\hotspot\src\share\vm\interpreter\linkResolver.cpp, line 1223]
Event: 3309.944 Thread 0x0000000025834800 Exception <a 'java/lang/AbstractMethodError': java.util.concurrent.locks.ReentrantLock$Sync.lock()V> (0x00000000edd02ca8) thrown at [D:\src\AOSP-openjdk-cygwin\jdk8u\hotspot\src\share\vm\interpreter\linkResolver.cpp, line 1223]
Event: 3309.944 Thread 0x000000001be6d800 Exception <a 'java/lang/AbstractMethodError': java.util.concurrent.locks.ReentrantLock$Sync.lock()V> (0x00000000ed089398) thrown at [D:\src\AOSP-openjdk-cygwin\jdk8u\hotspot\src\share\vm\interpreter\linkResolver.cpp, line 1223]
Event: 3309.955 Thread 0x000000001be6d800 Exception <a 'java/lang/AbstractMethodError': java.util.concurrent.locks.ReentrantLock$Sync.lock()V> (0x00000000ed0ef738) thrown at [D:\src\AOSP-openjdk-cygwin\jdk8u\hotspot\src\share\vm\interpreter\linkResolver.cpp, line 1223]

Events (10 events):
Event: 3309.951 loading class org/gradle/internal/logging/text/BufferingStyledTextOutput$ChangeStyleAction done
Event: 3309.951 Thread 0x000000001be6d800 Uncommon trap: trap_request=0xffffffc6 fr.pc=0x0000000006eaa91c
Event: 3309.951 Thread 0x000000001be6d800 DEOPT PACKING pc=0x0000000006eaa91c sp=0x000000003cc5cbd0
Event: 3309.951 Thread 0x000000001be6d800 DEOPT UNPACKING pc=0x000000000524556a sp=0x000000003cc5cb80 mode 2
Event: 3309.951 loading class org/gradle/internal/logging/text/LinePrefixingStyledTextOutput
Event: 3309.951 loading class org/gradle/internal/logging/text/LinePrefixingStyledTextOutput done
Event: 3309.951 Executing VM operation: Deoptimize
Event: 3309.954 Executing VM operation: Deoptimize done
Event: 3309.954 loading class org/gradle/internal/buildevents/BuildExceptionReporter$2
Event: 3309.954 loading class org/gradle/internal/buildevents/BuildExceptionReporter$2 done


Dynamic libraries:
0x00007ff7393a0000 - 0x00007ff7393d1000 	E:\AndroidStudio3\jre\bin\java.exe
0x00007ffc96f70000 - 0x00007ffc97150000 	C:\WINDOWS\SYSTEM32\ntdll.dll
0x00007ffc94530000 - 0x00007ffc945de000 	C:\WINDOWS\System32\KERNEL32.DLL
0x00007ffc93e40000 - 0x00007ffc940a6000 	C:\WINDOWS\System32\KERNELBASE.dll
0x00007ffc96580000 - 0x00007ffc96621000 	C:\WINDOWS\System32\ADVAPI32.dll
0x00007ffc96330000 - 0x00007ffc963cd000 	C:\WINDOWS\System32\msvcrt.dll
0x00007ffc96520000 - 0x00007ffc9657b000 	C:\WINDOWS\System32\sechost.dll
0x00007ffc95fc0000 - 0x00007ffc960df000 	C:\WINDOWS\System32\RPCRT4.dll
0x00007ffc96a80000 - 0x00007ffc96c0f000 	C:\WINDOWS\System32\USER32.dll
0x00007ffc94420000 - 0x00007ffc94440000 	C:\WINDOWS\System32\win32u.dll
0x00007ffc96f10000 - 0x00007ffc96f38000 	C:\WINDOWS\System32\GDI32.dll
0x00007ffc940b0000 - 0x00007ffc94243000 	C:\WINDOWS\System32\gdi32full.dll
0x00007ffc93da0000 - 0x00007ffc93e3b000 	C:\WINDOWS\System32\msvcp_win.dll
0x00007ffc93550000 - 0x00007ffc93646000 	C:\WINDOWS\System32\ucrtbase.dll
0x00007ffc81fc0000 - 0x00007ffc82229000 	C:\WINDOWS\WinSxS\amd64_microsoft.windows.common-controls_6595b64144ccf1df_6.0.16299.492_none_15c8d3609364b9b0\COMCTL32.dll
0x00007ffc95a50000 - 0x00007ffc95d57000 	C:\WINDOWS\System32\combase.dll
0x00007ffc93420000 - 0x00007ffc93492000 	C:\WINDOWS\System32\bcryptPrimitives.dll
0x00007ffc95d60000 - 0x00007ffc95d8d000 	C:\WINDOWS\System32\IMM32.DLL
0x000000006bb60000 - 0x000000006bc32000 	E:\AndroidStudio3\jre\jre\bin\msvcr100.dll
0x000000006bc40000 - 0x000000006c47e000 	E:\AndroidStudio3\jre\jre\bin\server\jvm.dll
0x00007ffc95a40000 - 0x00007ffc95a48000 	C:\WINDOWS\System32\PSAPI.DLL
0x00007ffc90770000 - 0x00007ffc90793000 	C:\WINDOWS\SYSTEM32\WINMM.dll
0x00007ffc81a50000 - 0x00007ffc81a59000 	C:\WINDOWS\SYSTEM32\WSOCK32.dll
0x00007ffc96e20000 - 0x00007ffc96e8c000 	C:\WINDOWS\System32\WS2_32.dll
0x00007ffc902e0000 - 0x00007ffc9030a000 	C:\WINDOWS\SYSTEM32\WINMMBASE.dll
0x00007ffc93370000 - 0x00007ffc933ba000 	C:\WINDOWS\System32\cfgmgr32.dll
0x00007ffc83e80000 - 0x00007ffc83e8a000 	C:\WINDOWS\SYSTEM32\VERSION.dll
0x00007ffc8fb30000 - 0x00007ffc8fb3f000 	E:\AndroidStudio3\jre\jre\bin\verify.dll
0x00007ffc8fb00000 - 0x00007ffc8fb29000 	E:\AndroidStudio3\jre\jre\bin\java.dll
0x00007ffc8fa70000 - 0x00007ffc8fa86000 	E:\AndroidStudio3\jre\jre\bin\zip.dll
0x00007ffc945e0000 - 0x00007ffc95a18000 	C:\WINDOWS\System32\SHELL32.dll
0x00007ffc960e0000 - 0x00007ffc96186000 	C:\WINDOWS\System32\shcore.dll
0x00007ffc93650000 - 0x00007ffc93d97000 	C:\WINDOWS\System32\windows.storage.dll
0x00007ffc95f60000 - 0x00007ffc95fb1000 	C:\WINDOWS\System32\shlwapi.dll
0x00007ffc93310000 - 0x00007ffc93321000 	C:\WINDOWS\System32\kernel.appcore.dll
0x00007ffc932c0000 - 0x00007ffc9330c000 	C:\WINDOWS\System32\powrprof.dll
0x00007ffc93330000 - 0x00007ffc9334b000 	C:\WINDOWS\System32\profapi.dll
0x00007ffc8fa50000 - 0x00007ffc8fa6a000 	E:\AndroidStudio3\jre\jre\bin\net.dll
0x00007ffc92b50000 - 0x00007ffc92bb6000 	C:\WINDOWS\system32\mswsock.dll
0x00007ffc8e600000 - 0x00007ffc8e611000 	E:\AndroidStudio3\jre\jre\bin\nio.dll
0x00007ffc8e400000 - 0x00007ffc8e41e000 	D:\AndroidStudioCache\.gradle\native\25\windows-amd64\native-platform.dll
0x00007ffc8faf0000 - 0x00007ffc8fafd000 	E:\AndroidStudio3\jre\jre\bin\management.dll
0x00007ffc92d10000 - 0x00007ffc92d27000 	C:\WINDOWS\SYSTEM32\CRYPTSP.dll
0x00007ffc92750000 - 0x00007ffc92783000 	C:\WINDOWS\system32\rsaenh.dll
0x00007ffc92e20000 - 0x00007ffc92e45000 	C:\WINDOWS\SYSTEM32\bcrypt.dll
0x00007ffc931c0000 - 0x00007ffc931e9000 	C:\WINDOWS\SYSTEM32\USERENV.dll
0x00007ffc92d30000 - 0x00007ffc92d3b000 	C:\WINDOWS\SYSTEM32\CRYPTBASE.dll
0x00007ffc928e0000 - 0x00007ffc92919000 	C:\WINDOWS\SYSTEM32\IPHLPAPI.DLL
0x00007ffc94520000 - 0x00007ffc94528000 	C:\WINDOWS\System32\NSI.dll
0x00007ffc8d1c0000 - 0x00007ffc8d1d6000 	C:\WINDOWS\SYSTEM32\dhcpcsvc6.DLL
0x00007ffc8d400000 - 0x00007ffc8d41a000 	C:\WINDOWS\SYSTEM32\dhcpcsvc.DLL
0x00007ffc923f0000 - 0x00007ffc92421000 	C:\WINDOWS\SYSTEM32\ntmarta.dll
0x00007ffc86130000 - 0x00007ffc862f8000 	C:\WINDOWS\SYSTEM32\dbghelp.dll

VM Arguments:
jvm_args: -Xmx1536m -Dfile.encoding=GBK -Duser.country=CN -Duser.language=zh -Duser.variant 
java_command: org.gradle.launcher.daemon.bootstrap.GradleDaemon 4.1
java_class_path (initial): E:\AndroidStudio3\gradle\gradle-4.1\lib\gradle-launcher-4.1.jar
Launcher Type: SUN_STANDARD

Environment Variables:
JAVA_HOME=E:\JDK1.8
PATH=E:\JDK1.8\bin;D:\JDK1.7\bin;C:\WINDOWS\system32;C:\WINDOWS;C:\WINDOWS\System32\Wbem;C:\WINDOWS\System32\WindowsPowerShell\v1.0\;E:\Git\cmd;C:\Program Files\Intel\WiFi\bin\;C:\Program Files\Common Files\Intel\WirelessCommon\;D:\SDK_\platform-tools;e:\SQLServer2008_x86\100\Tools\Binn\;e:\SQLServer2008\100\Tools\Binn\;e:\SQLServer2008\100\DTS\Binn\;e:\SQLServer2008_x86\100\Tools\Binn\VSShell\Common7\IDE\;C:\Program Files (x86)\Microsoft Visual Studio 9.0\Common7\IDE\PrivateAssemblies\;e:\SQLServer2008_x86\100\DTS\Binn\;C:\ProgramData\Oracle\Java\javapath;D:\SDK_\ndk-bundle;E:\JDK1.8\bin;C:\Program Files\Intel\WiFi\bin\;C:\Program Files\Common Files\Intel\WirelessCommon\;C:\Users\MBENBEN\AppData\Local\Microsoft\WindowsApps;E:\Python;D:\SDK_\platform-tools;D:\AndroidStudio2.2\gradle\gradle-3.2\bin;C:\Users\MBENBEN\AppData\Local\atom\bin;C:\Users\MBENBEN\AppData\Local\Microsoft\WindowsApps;D:\SDK_\tools;E:\Git\usr\bin;D:\go1.4\bin;C:\Program Files\MySQL\MySQL Server 8.0\bin;D:\apache-tomcat-7.0.70\bin;
USERNAME=MBENBEN
OS=Windows_NT
PROCESSOR_IDENTIFIER=Intel64 Family 6 Model 78 Stepping 3, GenuineIntel



---------------  S Y S T E M  ---------------

OS: Windows 10.0 , 64 bit Build 16299 (10.0.16299.431)

CPU:total 4 (initial active 4) (2 cores per cpu, 2 threads per core) family 6 model 78 stepping 3, cmov, cx8, fxsr, mmx, sse, sse2, sse3, ssse3, sse4.1, sse4.2, popcnt, avx, avx2, aes, clmul, erms, 3dnowpref, lzcnt, ht, tsc, tscinvbit, bmi1, bmi2, adx

Memory: 4k page, physical 16673436k(9961892k free), swap 17722012k(10491612k free)

vm_info: OpenJDK 64-Bit Server VM (25.152-b01) for windows-amd64 JRE (1.8.0_152-release-915-b01), built by "builder" with MS VC++ 10.0 (VS2010)

time: Wed Jun 27 10:56:50 2018
elapsed time: 3309 seconds (0d 0h 55m 9s)

